11/09/15 14:41:02 [2224][364bf5bc-ff62-c92f-96a3-55800394c989][FATAL] Caught settingsException ('Data missing')
settingsException 'Data missing' in C:\xampp\htdocs\suite\modules\rolus_Twilio_Account\rolus_Twilio_Account_sugar.php(112)
#0 C:\xampp\htdocs\suite\modules\rolus_Twilio_Account\fetch_verified_numbers.php(22): rolus_Twilio_Account_sugar->getClient()
#1 C:\xampp\htdocs\suite\modules\rolus_Twilio_Account\index.php(32): require_once('C:\\xampp\\htdocs...')
#2 C:\xampp\htdocs\suite\include\MVC\View\SugarView.php(721): require_once('C:\\xampp\\htdocs...')
#3 C:\xampp\htdocs\suite\include\MVC\View\views\view.classic.php(74): SugarView->includeClassicFile('modules/rolus_T...')
#4 C:\xampp\htdocs\suite\include\MVC\View\SugarView.php(143): ViewClassic->display()
#5 C:\xampp\htdocs\suite\include\MVC\Controller\SugarController.php(348): SugarView->process()
#6 C:\xampp\htdocs\suite\include\MVC\Controller\SugarController.php(295): SugarController->processView()
#7 C:\xampp\htdocs\suite\include\MVC\SugarApplication.php(92): SugarController->execute()
#8 C:\xampp\htdocs\suite\index.php(49): SugarApplication->execute()
#9 {main}

11/09/15 14:41:02 [2224][364bf5bc-ff62-c92f-96a3-55800394c989][FATAL] Caught settingsException ('Cannot connect to Twilio')
settingsException 'Cannot connect to Twilio' in C:\xampp\htdocs\suite\modules\rolus_Twilio_Account\fetch_verified_numbers.php(24)
#0 C:\xampp\htdocs\suite\modules\rolus_Twilio_Account\index.php(32): require_once()
#1 C:\xampp\htdocs\suite\include\MVC\View\SugarView.php(721): require_once('C:\\xampp\\htdocs...')
#2 C:\xampp\htdocs\suite\include\MVC\View\views\view.classic.php(74): SugarView->includeClassicFile('modules/rolus_T...')
#3 C:\xampp\htdocs\suite\include\MVC\View\SugarView.php(143): ViewClassic->display()
#4 C:\xampp\htdocs\suite\include\MVC\Controller\SugarController.php(348): SugarView->process()
#5 C:\xampp\htdocs\suite\include\MVC\Controller\SugarController.php(295): SugarController->processView()
#6 C:\xampp\htdocs\suite\include\MVC\SugarApplication.php(92): SugarController->execute()
#7 C:\xampp\htdocs\suite\index.php(49): SugarApplication->execute()
#8 {main}

11/09/15 14:41:02 [2224][364bf5bc-ff62-c92f-96a3-55800394c989][FATAL] Caught settingsException ('Data missing')
settingsException 'Data missing' in C:\xampp\htdocs\suite\modules\rolus_Twilio_Account\rolus_Twilio_Account_sugar.php(112)
#0 C:\xampp\htdocs\suite\modules\rolus_Twilio_Account\fetch_usage_records.php(21): rolus_Twilio_Account_sugar->getClient()
#1 C:\xampp\htdocs\suite\modules\rolus_Twilio_Account\index.php(38): require_once('C:\\xampp\\htdocs...')
#2 C:\xampp\htdocs\suite\include\MVC\View\SugarView.php(721): require_once('C:\\xampp\\htdocs...')
#3 C:\xampp\htdocs\suite\include\MVC\View\views\view.classic.php(74): SugarView->includeClassicFile('modules/rolus_T...')
#4 C:\xampp\htdocs\suite\include\MVC\View\SugarView.php(143): ViewClassic->display()
#5 C:\xampp\htdocs\suite\include\MVC\Controller\SugarController.php(348): SugarView->process()
#6 C:\xampp\htdocs\suite\include\MVC\Controller\SugarController.php(295): SugarController->processView()
#7 C:\xampp\htdocs\suite\include\MVC\SugarApplication.php(92): SugarController->execute()
#8 C:\xampp\htdocs\suite\index.php(49): SugarApplication->execute()
#9 {main}

11/09/15 14:41:02 [2224][364bf5bc-ff62-c92f-96a3-55800394c989][FATAL] Caught settingsException ('Cannot connect to Twilio')
settingsException 'Cannot connect to Twilio' in C:\xampp\htdocs\suite\modules\rolus_Twilio_Account\fetch_usage_records.php(23)
#0 C:\xampp\htdocs\suite\modules\rolus_Twilio_Account\index.php(38): require_once()
#1 C:\xampp\htdocs\suite\include\MVC\View\SugarView.php(721): require_once('C:\\xampp\\htdocs...')
#2 C:\xampp\htdocs\suite\include\MVC\View\views\view.classic.php(74): SugarView->includeClassicFile('modules/rolus_T...')
#3 C:\xampp\htdocs\suite\include\MVC\View\SugarView.php(143): ViewClassic->display()
#4 C:\xampp\htdocs\suite\include\MVC\Controller\SugarController.php(348): SugarView->process()
#5 C:\xampp\htdocs\suite\include\MVC\Controller\SugarController.php(295): SugarController->processView()
#6 C:\xampp\htdocs\suite\include\MVC\SugarApplication.php(92): SugarController->execute()
#7 C:\xampp\htdocs\suite\index.php(49): SugarApplication->execute()
#8 {main}

